{
  "stats": {
    "suites": 1,
    "tests": 1,
    "passes": 1,
    "pending": 0,
    "failures": 0,
    "start": "2024-09-23T12:37:29.725Z",
    "end": "2024-09-23T12:38:19.698Z",
    "duration": 49973,
    "testsRegistered": 1,
    "passPercent": 100,
    "pendingPercent": 0,
    "other": 0,
    "hasOther": false,
    "skipped": 0,
    "hasSkipped": false
  },
  "results": [
    {
      "uuid": "1ab17346-5b66-406b-8e93-459394d23234",
      "title": "",
      "fullFile": "cypress\\e2e\\productPagesTests.cy.js",
      "file": "cypress\\e2e\\productPagesTests.cy.js",
      "beforeHooks": [],
      "afterHooks": [],
      "tests": [],
      "suites": [
        {
          "uuid": "69171431-82f0-442d-862e-c06410c792fe",
          "title": "Tests to verify product page and critical elements visibility and url value",
          "fullFile": "",
          "file": "",
          "beforeHooks": [],
          "afterHooks": [],
          "tests": [
            {
              "title": "Tests to verify product page and critical elements visibility and url value",
              "fullTitle": "Tests to verify product page and critical elements visibility and url value Tests to verify product page and critical elements visibility and url value",
              "timedOut": null,
              "duration": 49887,
              "state": "passed",
              "speed": "slow",
              "pass": true,
              "fail": false,
              "pending": false,
              "context": null,
              "code": "this.searchQueries.forEach(searchQuery => {\n  searchPage.validSearchQuery(searchQuery.value);\n  productPage.openProductPage(searchQuery.value);\n  productPage.verifyElementsAreShownCorrectly(searchQuery.value);\n  productPage.verifyPricePresentCorrectly();\n  productPage.verifyProductIdSameInTitleAndUrl(searchQuery.value);\n});",
              "err": {},
              "uuid": "55e5aaef-3956-4600-9a90-aa99ecd7d3c3",
              "parentUUID": "69171431-82f0-442d-862e-c06410c792fe",
              "isHook": false,
              "skipped": false
            }
          ],
          "suites": [],
          "passes": [
            "55e5aaef-3956-4600-9a90-aa99ecd7d3c3"
          ],
          "failures": [],
          "pending": [],
          "skipped": [],
          "duration": 49887,
          "root": false,
          "rootEmpty": false,
          "_timeout": 2000
        }
      ],
      "passes": [],
      "failures": [],
      "pending": [],
      "skipped": [],
      "duration": 0,
      "root": true,
      "rootEmpty": true,
      "_timeout": 2000
    }
  ],
  "meta": {
    "mocha": {
      "version": "7.0.1"
    },
    "mochawesome": {
      "options": {
        "quiet": false,
        "reportFilename": "mochawesome",
        "saveHtml": false,
        "saveJson": true,
        "consoleReporter": "spec",
        "useInlineDiffs": false,
        "code": true
      },
      "version": "7.1.3"
    },
    "marge": {
      "options": {
        "charts": true,
        "overwrite": false,
        "html": false,
        "json": true,
        "reportDir": "cypress/reports"
      },
      "version": "6.2.0"
    }
  }
}