{
  "stats": {
    "suites": 1,
    "tests": 6,
    "passes": 4,
    "pending": 0,
    "failures": 2,
    "start": "2024-09-20T17:20:56.889Z",
    "end": "2024-09-20T17:21:47.699Z",
    "duration": 50810,
    "testsRegistered": 6,
    "passPercent": 66.66666666666666,
    "pendingPercent": 0,
    "other": 0,
    "hasOther": false,
    "skipped": 0,
    "hasSkipped": false
  },
  "results": [
    {
      "uuid": "1d7fc677-a6be-4ff4-aa1d-487e18f2f2f3",
      "title": "",
      "fullFile": "cypress\\e2e\\userTests.cy.js",
      "file": "cypress\\e2e\\userTests.cy.js",
      "beforeHooks": [],
      "afterHooks": [],
      "tests": [],
      "suites": [
        {
          "uuid": "6c55a516-ff17-4dba-9340-803de23f7793",
          "title": "Tests for user login and add item to the bucket",
          "fullFile": "",
          "file": "",
          "beforeHooks": [],
          "afterHooks": [],
          "tests": [
            {
              "title": "User main page and bucket tests",
              "fullTitle": "Tests for user login and add item to the bucket User main page and bucket tests",
              "timedOut": null,
              "duration": 5531,
              "state": "passed",
              "speed": "medium",
              "pass": true,
              "fail": false,
              "pending": false,
              "context": null,
              "code": "mainPage.checkForElementsVisability();\nmainPage.addToBucketTest();",
              "err": {},
              "uuid": "795b45f0-2db7-4fcc-a294-d34402e30f04",
              "parentUUID": "6c55a516-ff17-4dba-9340-803de23f7793",
              "isHook": false,
              "skipped": false
            },
            {
              "title": "User login tests",
              "fullTitle": "Tests for user login and add item to the bucket User login tests",
              "timedOut": null,
              "duration": 7066,
              "state": "passed",
              "speed": "medium",
              "pass": true,
              "fail": false,
              "pending": false,
              "context": null,
              "code": "accountPage.loginToAccount();",
              "err": {},
              "uuid": "a57f48ed-90e8-4f18-a9c6-df034aae0e5c",
              "parentUUID": "6c55a516-ff17-4dba-9340-803de23f7793",
              "isHook": false,
              "skipped": false
            },
            {
              "title": "user logout test",
              "fullTitle": "Tests for user login and add item to the bucket user logout test",
              "timedOut": null,
              "duration": 13010,
              "state": "failed",
              "speed": null,
              "pass": false,
              "fail": true,
              "pending": false,
              "context": null,
              "code": "accountPage.logoutFromAccount();",
              "err": {
                "message": "AssertionError: Timed out retrying after 4000ms: Expected to find content: 'Введіть дані для входу' but never did.",
                "estack": "AssertionError: Timed out retrying after 4000ms: Expected to find content: 'Введіть дані для входу' but never did.\n    at AccountPage.logoutFromAccount (webpack://e-commerceuitests/./cypress/support/pageObjects/accountPage.js:51:11)\n    at Context.eval (webpack://e-commerceuitests/./cypress/e2e/userTests.cy.js:19:18)",
                "diff": null
              },
              "uuid": "e8ccfa94-4fc4-4d99-a3a0-61d205330b42",
              "parentUUID": "6c55a516-ff17-4dba-9340-803de23f7793",
              "isHook": false,
              "skipped": false
            },
            {
              "title": "Elements test verification",
              "fullTitle": "Tests for user login and add item to the bucket Elements test verification",
              "timedOut": null,
              "duration": 2591,
              "state": "passed",
              "speed": "fast",
              "pass": true,
              "fail": false,
              "pending": false,
              "context": null,
              "code": "accountPage.vefiryTelValueOnMainPage();\naccountPage.vefirySckedulerValuesOnMainPage();",
              "err": {},
              "uuid": "4f7af3d0-0d87-40a7-863b-19331d831d6b",
              "parentUUID": "6c55a516-ff17-4dba-9340-803de23f7793",
              "isHook": false,
              "skipped": false
            },
            {
              "title": "Prices test verification",
              "fullTitle": "Tests for user login and add item to the bucket Prices test verification",
              "timedOut": null,
              "duration": 13736,
              "state": "passed",
              "speed": "slow",
              "pass": true,
              "fail": false,
              "pending": false,
              "context": null,
              "code": "accountPage.verfiyOldPriceValues();\naccountPage.verfiyNewPriceValues();\naccountPage.verfiyOldAndNewPriceValues();",
              "err": {},
              "uuid": "8b9e6b33-7384-4081-94c9-6d46e65c2a57",
              "parentUUID": "6c55a516-ff17-4dba-9340-803de23f7793",
              "isHook": false,
              "skipped": false
            },
            {
              "title": "Sorting tests",
              "fullTitle": "Tests for user login and add item to the bucket Sorting tests",
              "timedOut": null,
              "duration": 8292,
              "state": "failed",
              "speed": null,
              "pass": false,
              "fail": true,
              "pending": false,
              "context": null,
              "code": "accountPage.sortingSelection();\naccountPage.selectRandomSortingOption();",
              "err": {
                "message": "AssertionError: expected undefined to be a number or a date",
                "estack": "AssertionError: expected undefined to be a number or a date\n    at Context.eval (webpack://e-commerceuitests/./cypress/support/pageObjects/accountPage.js:149:20)",
                "diff": null
              },
              "uuid": "e2eac0bd-3a46-48e8-aee4-d093a407eda1",
              "parentUUID": "6c55a516-ff17-4dba-9340-803de23f7793",
              "isHook": false,
              "skipped": false
            }
          ],
          "suites": [],
          "passes": [
            "795b45f0-2db7-4fcc-a294-d34402e30f04",
            "a57f48ed-90e8-4f18-a9c6-df034aae0e5c",
            "4f7af3d0-0d87-40a7-863b-19331d831d6b",
            "8b9e6b33-7384-4081-94c9-6d46e65c2a57"
          ],
          "failures": [
            "e8ccfa94-4fc4-4d99-a3a0-61d205330b42",
            "e2eac0bd-3a46-48e8-aee4-d093a407eda1"
          ],
          "pending": [],
          "skipped": [],
          "duration": 50226,
          "root": false,
          "rootEmpty": false,
          "_timeout": 2000
        }
      ],
      "passes": [],
      "failures": [],
      "pending": [],
      "skipped": [],
      "duration": 0,
      "root": true,
      "rootEmpty": true,
      "_timeout": 2000
    }
  ],
  "meta": {
    "mocha": {
      "version": "7.0.1"
    },
    "mochawesome": {
      "options": {
        "quiet": false,
        "reportFilename": "mochawesome",
        "saveHtml": false,
        "saveJson": true,
        "consoleReporter": "spec",
        "useInlineDiffs": false,
        "code": true
      },
      "version": "7.1.3"
    },
    "marge": {
      "options": {
        "charts": true,
        "overwrite": false,
        "html": false,
        "json": true,
        "reportDir": "cypress/reports"
      },
      "version": "6.2.0"
    }
  }
}