{
  "stats": {
    "suites": 1,
    "tests": 2,
    "passes": 2,
    "pending": 0,
    "failures": 0,
    "start": "2024-09-20T17:07:27.060Z",
    "end": "2024-09-20T17:07:43.794Z",
    "duration": 16734,
    "testsRegistered": 2,
    "passPercent": 100,
    "pendingPercent": 0,
    "other": 0,
    "hasOther": false,
    "skipped": 0,
    "hasSkipped": false
  },
  "results": [
    {
      "uuid": "c0643399-9205-40b6-a547-0de31d84cd33",
      "title": "",
      "fullFile": "cypress\\e2e\\productCardstests.cy.js",
      "file": "cypress\\e2e\\productCardstests.cy.js",
      "beforeHooks": [],
      "afterHooks": [],
      "tests": [],
      "suites": [
        {
          "uuid": "f249d399-72e1-44d0-885f-c0ac49676734",
          "title": "Tests for user login and add item to the bucket",
          "fullFile": "",
          "file": "",
          "beforeHooks": [],
          "afterHooks": [],
          "tests": [
            {
              "title": "Valid user search tests",
              "fullTitle": "Tests for user login and add item to the bucket Valid user search tests",
              "timedOut": null,
              "duration": 10329,
              "state": "passed",
              "speed": "slow",
              "pass": true,
              "fail": false,
              "pending": false,
              "context": null,
              "code": "this.searchQueries.forEach(searchQuery => {\n  searchPage.validSearchQuery(searchQuery.value);\n});",
              "err": {},
              "uuid": "fb2cb4f3-7310-45ee-b2c3-5327a01fc31a",
              "parentUUID": "f249d399-72e1-44d0-885f-c0ac49676734",
              "isHook": false,
              "skipped": false
            },
            {
              "title": "Invalid user search tests",
              "fullTitle": "Tests for user login and add item to the bucket Invalid user search tests",
              "timedOut": null,
              "duration": 6285,
              "state": "passed",
              "speed": "medium",
              "pass": true,
              "fail": false,
              "pending": false,
              "context": null,
              "code": "searchPage.invalidSearch();",
              "err": {},
              "uuid": "c8fabd57-4725-4e1f-8423-1355ce44cfef",
              "parentUUID": "f249d399-72e1-44d0-885f-c0ac49676734",
              "isHook": false,
              "skipped": false
            }
          ],
          "suites": [],
          "passes": [
            "fb2cb4f3-7310-45ee-b2c3-5327a01fc31a",
            "c8fabd57-4725-4e1f-8423-1355ce44cfef"
          ],
          "failures": [],
          "pending": [],
          "skipped": [],
          "duration": 16614,
          "root": false,
          "rootEmpty": false,
          "_timeout": 2000
        }
      ],
      "passes": [],
      "failures": [],
      "pending": [],
      "skipped": [],
      "duration": 0,
      "root": true,
      "rootEmpty": true,
      "_timeout": 2000
    }
  ],
  "meta": {
    "mocha": {
      "version": "7.0.1"
    },
    "mochawesome": {
      "options": {
        "quiet": false,
        "reportFilename": "mochawesome",
        "saveHtml": false,
        "saveJson": true,
        "consoleReporter": "spec",
        "useInlineDiffs": false,
        "code": true
      },
      "version": "7.1.3"
    },
    "marge": {
      "options": {
        "charts": true,
        "overwrite": false,
        "html": false,
        "json": true,
        "reportDir": "cypress/reports"
      },
      "version": "6.2.0"
    }
  }
}