{
  "stats": {
    "suites": 1,
    "tests": 2,
    "passes": 2,
    "pending": 0,
    "failures": 0,
    "start": "2024-09-23T12:37:11.434Z",
    "end": "2024-09-23T12:37:28.119Z",
    "duration": 16685,
    "testsRegistered": 2,
    "passPercent": 100,
    "pendingPercent": 0,
    "other": 0,
    "hasOther": false,
    "skipped": 0,
    "hasSkipped": false
  },
  "results": [
    {
      "uuid": "f904fba2-3d72-498d-9d67-b61ae5221ec4",
      "title": "",
      "fullFile": "cypress\\e2e\\productCardstests.cy.js",
      "file": "cypress\\e2e\\productCardstests.cy.js",
      "beforeHooks": [],
      "afterHooks": [],
      "tests": [],
      "suites": [
        {
          "uuid": "a6ddde0a-e473-4d60-9862-17677fea85c5",
          "title": "Tests for user invalid and valid search requests",
          "fullFile": "",
          "file": "",
          "beforeHooks": [],
          "afterHooks": [],
          "tests": [
            {
              "title": "Valid user search tests verification",
              "fullTitle": "Tests for user invalid and valid search requests Valid user search tests verification",
              "timedOut": null,
              "duration": 10597,
              "state": "passed",
              "speed": "slow",
              "pass": true,
              "fail": false,
              "pending": false,
              "context": null,
              "code": "this.searchQueries.forEach(searchQuery => {\n  searchPage.validSearchQuery(searchQuery.value);\n});",
              "err": {},
              "uuid": "cb7e1d50-f9d5-4301-85c5-0b8cc1ec8849",
              "parentUUID": "a6ddde0a-e473-4d60-9862-17677fea85c5",
              "isHook": false,
              "skipped": false
            },
            {
              "title": "Invalid user search tests verification",
              "fullTitle": "Tests for user invalid and valid search requests Invalid user search tests verification",
              "timedOut": null,
              "duration": 5980,
              "state": "passed",
              "speed": "medium",
              "pass": true,
              "fail": false,
              "pending": false,
              "context": null,
              "code": "searchPage.invalidSearch();",
              "err": {},
              "uuid": "a58c3811-b0bd-4fc1-8d55-a0ecbd031ef0",
              "parentUUID": "a6ddde0a-e473-4d60-9862-17677fea85c5",
              "isHook": false,
              "skipped": false
            }
          ],
          "suites": [],
          "passes": [
            "cb7e1d50-f9d5-4301-85c5-0b8cc1ec8849",
            "a58c3811-b0bd-4fc1-8d55-a0ecbd031ef0"
          ],
          "failures": [],
          "pending": [],
          "skipped": [],
          "duration": 16577,
          "root": false,
          "rootEmpty": false,
          "_timeout": 2000
        }
      ],
      "passes": [],
      "failures": [],
      "pending": [],
      "skipped": [],
      "duration": 0,
      "root": true,
      "rootEmpty": true,
      "_timeout": 2000
    }
  ],
  "meta": {
    "mocha": {
      "version": "7.0.1"
    },
    "mochawesome": {
      "options": {
        "quiet": false,
        "reportFilename": "mochawesome",
        "saveHtml": false,
        "saveJson": true,
        "consoleReporter": "spec",
        "useInlineDiffs": false,
        "code": true
      },
      "version": "7.1.3"
    },
    "marge": {
      "options": {
        "charts": true,
        "overwrite": false,
        "html": false,
        "json": true,
        "reportDir": "cypress/reports"
      },
      "version": "6.2.0"
    }
  }
}