{
  "stats": {
    "suites": 1,
    "tests": 2,
    "passes": 1,
    "pending": 0,
    "failures": 1,
    "start": "2024-09-23T12:06:41.622Z",
    "end": "2024-09-23T12:06:52.757Z",
    "duration": 11135,
    "testsRegistered": 2,
    "passPercent": 50,
    "pendingPercent": 0,
    "other": 0,
    "hasOther": false,
    "skipped": 0,
    "hasSkipped": false
  },
  "results": [
    {
      "uuid": "4232089c-4e50-43b0-ab69-59029a3114a5",
      "title": "",
      "fullFile": "cypress\\e2e\\mainPageTests.cy.js",
      "file": "cypress\\e2e\\mainPageTests.cy.js",
      "beforeHooks": [],
      "afterHooks": [],
      "tests": [],
      "suites": [
        {
          "uuid": "001a547e-4f3f-4e76-a367-5e2f164f9ce1",
          "title": "Verify critical elements are present, add item to bucker verification and add to fav, filter panel verification",
          "fullFile": "",
          "file": "",
          "beforeHooks": [],
          "afterHooks": [],
          "tests": [
            {
              "title": "Verify critical elements are present, add item to bucker verification and add to fav",
              "fullTitle": "Verify critical elements are present, add item to bucker verification and add to fav, filter panel verification Verify critical elements are present, add item to bucker verification and add to fav",
              "timedOut": null,
              "duration": 8659,
              "state": "passed",
              "speed": "medium",
              "pass": true,
              "fail": false,
              "pending": false,
              "context": null,
              "code": "mainPage.checkForElementsVisability();\nmainPage.addToBucketTest();\nmainPage.addToFavorite();",
              "err": {},
              "uuid": "4b401d71-ae14-4a33-94a3-90536c7a2e4e",
              "parentUUID": "001a547e-4f3f-4e76-a367-5e2f164f9ce1",
              "isHook": false,
              "skipped": false
            },
            {
              "title": "Verify filter panel, visibility and functionality of slider filter",
              "fullTitle": "Verify critical elements are present, add item to bucker verification and add to fav, filter panel verification Verify filter panel, visibility and functionality of slider filter",
              "timedOut": null,
              "duration": 2311,
              "state": "failed",
              "speed": null,
              "pass": false,
              "fail": true,
              "pending": false,
              "context": null,
              "code": "mainPage.openCloseFilterPanelVerifyPosition();\nthis.sliderParams.forEach(sliderParam => {\n  mainPage.openFilterPanelVerifySliderFiltering(sliderParam.style, sliderParam.styleOnlyLeft, sliderParam.styleOnlyRight);\n});\nmainPage.closeAllFilters();\nmainPage.checkAlertForPhoneCall();",
              "err": {
                "message": "TypeError: Cannot read properties of undefined (reading 'forEach')",
                "estack": "TypeError: Cannot read properties of undefined (reading 'forEach')\n    at Context.eval (webpack://e-commerceuitests/./cypress/e2e/mainPageTests.cy.js:20:26)",
                "diff": null
              },
              "uuid": "76f1e946-1cc0-49ca-8abc-506920f0ba7d",
              "parentUUID": "001a547e-4f3f-4e76-a367-5e2f164f9ce1",
              "isHook": false,
              "skipped": false
            }
          ],
          "suites": [],
          "passes": [
            "4b401d71-ae14-4a33-94a3-90536c7a2e4e"
          ],
          "failures": [
            "76f1e946-1cc0-49ca-8abc-506920f0ba7d"
          ],
          "pending": [],
          "skipped": [],
          "duration": 10970,
          "root": false,
          "rootEmpty": false,
          "_timeout": 2000
        }
      ],
      "passes": [],
      "failures": [],
      "pending": [],
      "skipped": [],
      "duration": 0,
      "root": true,
      "rootEmpty": true,
      "_timeout": 2000
    }
  ],
  "meta": {
    "mocha": {
      "version": "7.0.1"
    },
    "mochawesome": {
      "options": {
        "quiet": false,
        "reportFilename": "mochawesome",
        "saveHtml": false,
        "saveJson": true,
        "consoleReporter": "spec",
        "useInlineDiffs": false,
        "code": true
      },
      "version": "7.1.3"
    },
    "marge": {
      "options": {
        "charts": true,
        "overwrite": false,
        "html": false,
        "json": true,
        "reportDir": "cypress/reports"
      },
      "version": "6.2.0"
    }
  }
}