{
  "stats": {
    "suites": 1,
    "tests": 2,
    "passes": 2,
    "pending": 0,
    "failures": 0,
    "start": "2024-09-23T16:13:29.627Z",
    "end": "2024-09-23T16:13:47.074Z",
    "duration": 17447,
    "testsRegistered": 2,
    "passPercent": 100,
    "pendingPercent": 0,
    "other": 0,
    "hasOther": false,
    "skipped": 0,
    "hasSkipped": false
  },
  "results": [
    {
      "uuid": "46a63b82-054b-481e-93a7-9540ff9afd23",
      "title": "",
      "fullFile": "cypress\\e2e\\productCardstests.cy.js",
      "file": "cypress\\e2e\\productCardstests.cy.js",
      "beforeHooks": [],
      "afterHooks": [],
      "tests": [],
      "suites": [
        {
          "uuid": "8ab39aea-93ab-4329-be41-7f4eb280203d",
          "title": "Tests for user invalid and valid search requests",
          "fullFile": "",
          "file": "",
          "beforeHooks": [],
          "afterHooks": [],
          "tests": [
            {
              "title": "Valid user search tests verification",
              "fullTitle": "Tests for user invalid and valid search requests Valid user search tests verification",
              "timedOut": null,
              "duration": 11041,
              "state": "passed",
              "speed": "slow",
              "pass": true,
              "fail": false,
              "pending": false,
              "context": null,
              "code": "this.searchQueries.forEach(searchQuery => {\n  searchPage.validSearchQuery(searchQuery.value);\n});",
              "err": {},
              "uuid": "f110a769-5ca6-4f1d-8dd9-fe6bd11bb1c2",
              "parentUUID": "8ab39aea-93ab-4329-be41-7f4eb280203d",
              "isHook": false,
              "skipped": false
            },
            {
              "title": "Invalid user search tests verification",
              "fullTitle": "Tests for user invalid and valid search requests Invalid user search tests verification",
              "timedOut": null,
              "duration": 6297,
              "state": "passed",
              "speed": "medium",
              "pass": true,
              "fail": false,
              "pending": false,
              "context": null,
              "code": "searchPage.invalidSearch();",
              "err": {},
              "uuid": "9de9659e-9c53-40d6-9d2d-39ebd5df681f",
              "parentUUID": "8ab39aea-93ab-4329-be41-7f4eb280203d",
              "isHook": false,
              "skipped": false
            }
          ],
          "suites": [],
          "passes": [
            "f110a769-5ca6-4f1d-8dd9-fe6bd11bb1c2",
            "9de9659e-9c53-40d6-9d2d-39ebd5df681f"
          ],
          "failures": [],
          "pending": [],
          "skipped": [],
          "duration": 17338,
          "root": false,
          "rootEmpty": false,
          "_timeout": 2000
        }
      ],
      "passes": [],
      "failures": [],
      "pending": [],
      "skipped": [],
      "duration": 0,
      "root": true,
      "rootEmpty": true,
      "_timeout": 2000
    }
  ],
  "meta": {
    "mocha": {
      "version": "7.0.1"
    },
    "mochawesome": {
      "options": {
        "quiet": false,
        "reportFilename": "mochawesome",
        "saveHtml": false,
        "saveJson": true,
        "consoleReporter": "spec",
        "useInlineDiffs": false,
        "code": true
      },
      "version": "7.1.3"
    },
    "marge": {
      "options": {
        "charts": true,
        "overwrite": false,
        "html": false,
        "json": true,
        "reportDir": "cypress/reports"
      },
      "version": "6.2.0"
    }
  }
}