{
  "stats": {
    "suites": 1,
    "tests": 6,
    "passes": 3,
    "pending": 0,
    "failures": 3,
    "start": "2024-09-20T16:31:00.215Z",
    "end": "2024-09-20T16:31:48.479Z",
    "duration": 48264,
    "testsRegistered": 6,
    "passPercent": 50,
    "pendingPercent": 0,
    "other": 0,
    "hasOther": false,
    "skipped": 0,
    "hasSkipped": false
  },
  "results": [
    {
      "uuid": "d84089c4-07e6-4a37-bbcd-d0c926f85053",
      "title": "",
      "fullFile": "cypress\\e2e\\productPageTests.cy.js",
      "file": "cypress\\e2e\\productPageTests.cy.js",
      "beforeHooks": [],
      "afterHooks": [],
      "tests": [],
      "suites": [
        {
          "uuid": "f45c67d4-e0cc-4fea-9076-db5bd58897b8",
          "title": "Tests for user login and add item to the bucket",
          "fullFile": "",
          "file": "",
          "beforeHooks": [],
          "afterHooks": [],
          "tests": [
            {
              "title": "User main page and bucket tests",
              "fullTitle": "Tests for user login and add item to the bucket User main page and bucket tests",
              "timedOut": null,
              "duration": 3548,
              "state": "failed",
              "speed": null,
              "pass": false,
              "fail": true,
              "pending": false,
              "context": null,
              "code": "mainPage.checkForElementsVisability();\nmainPage.addToBucketButton();",
              "err": {
                "message": "TypeError: mainPage.addToBucketButton is not a function",
                "estack": "TypeError: mainPage.addToBucketButton is not a function\n    at Context.eval (webpack://e-commerceuitests/./cypress/e2e/productPageTests.cy.js:11:15)",
                "diff": null
              },
              "uuid": "cca93880-23a8-422d-8365-3705952334a4",
              "parentUUID": "f45c67d4-e0cc-4fea-9076-db5bd58897b8",
              "isHook": false,
              "skipped": false
            },
            {
              "title": "User login tests",
              "fullTitle": "Tests for user login and add item to the bucket User login tests",
              "timedOut": null,
              "duration": 7676,
              "state": "passed",
              "speed": "medium",
              "pass": true,
              "fail": false,
              "pending": false,
              "context": null,
              "code": "accountPage.loginToAccount();",
              "err": {},
              "uuid": "ef153ea0-cd4d-469f-be3b-396a745de56b",
              "parentUUID": "f45c67d4-e0cc-4fea-9076-db5bd58897b8",
              "isHook": false,
              "skipped": false
            },
            {
              "title": "user logout test",
              "fullTitle": "Tests for user login and add item to the bucket user logout test",
              "timedOut": null,
              "duration": 12019,
              "state": "failed",
              "speed": null,
              "pass": false,
              "fail": true,
              "pending": false,
              "context": null,
              "code": "accountPage.logoutFromAccount();",
              "err": {
                "message": "AssertionError: Timed out retrying after 4000ms: Expected to find content: 'Введіть дані для входу' but never did.",
                "estack": "AssertionError: Timed out retrying after 4000ms: Expected to find content: 'Введіть дані для входу' but never did.\n    at AccountPage.logoutFromAccount (webpack://e-commerceuitests/./cypress/support/pageObjects/accountPage.js:51:11)\n    at Context.eval (webpack://e-commerceuitests/./cypress/e2e/productPageTests.cy.js:19:18)",
                "diff": null
              },
              "uuid": "de72fb1d-6685-4475-9193-8f70cc2ae497",
              "parentUUID": "f45c67d4-e0cc-4fea-9076-db5bd58897b8",
              "isHook": false,
              "skipped": false
            },
            {
              "title": "Elements test verification",
              "fullTitle": "Tests for user login and add item to the bucket Elements test verification",
              "timedOut": null,
              "duration": 3214,
              "state": "passed",
              "speed": "fast",
              "pass": true,
              "fail": false,
              "pending": false,
              "context": null,
              "code": "accountPage.vefiryTelValueOnMainPage();\naccountPage.vefirySckedulerValuesOnMainPage();",
              "err": {},
              "uuid": "526ad6cb-aa1c-4658-a834-78097e2ae294",
              "parentUUID": "f45c67d4-e0cc-4fea-9076-db5bd58897b8",
              "isHook": false,
              "skipped": false
            },
            {
              "title": "Prices test verification",
              "fullTitle": "Tests for user login and add item to the bucket Prices test verification",
              "timedOut": null,
              "duration": 13342,
              "state": "passed",
              "speed": "slow",
              "pass": true,
              "fail": false,
              "pending": false,
              "context": null,
              "code": "accountPage.verfiyOldPriceValues();\naccountPage.verfiyNewPriceValues();\naccountPage.verfiyOldAndNewPriceValues();",
              "err": {},
              "uuid": "e5bacc57-ca77-4e4c-b6bb-05fdc1542af7",
              "parentUUID": "f45c67d4-e0cc-4fea-9076-db5bd58897b8",
              "isHook": false,
              "skipped": false
            },
            {
              "title": "Sorting tests",
              "fullTitle": "Tests for user login and add item to the bucket Sorting tests",
              "timedOut": null,
              "duration": 7778,
              "state": "failed",
              "speed": null,
              "pass": false,
              "fail": true,
              "pending": false,
              "context": null,
              "code": "accountPage.sortingSelection();\naccountPage.selectRandomSortingOption();",
              "err": {
                "message": "AssertionError: expected undefined to be a number or a date",
                "estack": "AssertionError: expected undefined to be a number or a date\n    at Context.eval (webpack://e-commerceuitests/./cypress/support/pageObjects/accountPage.js:149:20)",
                "diff": null
              },
              "uuid": "c06b59ef-a1e4-4527-9cc3-4ab35b78024c",
              "parentUUID": "f45c67d4-e0cc-4fea-9076-db5bd58897b8",
              "isHook": false,
              "skipped": false
            }
          ],
          "suites": [],
          "passes": [
            "ef153ea0-cd4d-469f-be3b-396a745de56b",
            "526ad6cb-aa1c-4658-a834-78097e2ae294",
            "e5bacc57-ca77-4e4c-b6bb-05fdc1542af7"
          ],
          "failures": [
            "cca93880-23a8-422d-8365-3705952334a4",
            "de72fb1d-6685-4475-9193-8f70cc2ae497",
            "c06b59ef-a1e4-4527-9cc3-4ab35b78024c"
          ],
          "pending": [],
          "skipped": [],
          "duration": 47577,
          "root": false,
          "rootEmpty": false,
          "_timeout": 2000
        }
      ],
      "passes": [],
      "failures": [],
      "pending": [],
      "skipped": [],
      "duration": 0,
      "root": true,
      "rootEmpty": true,
      "_timeout": 2000
    }
  ],
  "meta": {
    "mocha": {
      "version": "7.0.1"
    },
    "mochawesome": {
      "options": {
        "quiet": false,
        "reportFilename": "mochawesome",
        "saveHtml": false,
        "saveJson": true,
        "consoleReporter": "spec",
        "useInlineDiffs": false,
        "code": true
      },
      "version": "7.1.3"
    },
    "marge": {
      "options": {
        "charts": true,
        "overwrite": false,
        "html": false,
        "json": true,
        "reportDir": "cypress/reports"
      },
      "version": "6.2.0"
    }
  }
}