{
  "stats": {
    "suites": 1,
    "tests": 2,
    "passes": 2,
    "pending": 0,
    "failures": 0,
    "start": "2024-09-20T17:19:44.954Z",
    "end": "2024-09-20T17:20:02.513Z",
    "duration": 17559,
    "testsRegistered": 2,
    "passPercent": 100,
    "pendingPercent": 0,
    "other": 0,
    "hasOther": false,
    "skipped": 0,
    "hasSkipped": false
  },
  "results": [
    {
      "uuid": "0d791cd9-4f35-4dfb-b925-833749b4b7f2",
      "title": "",
      "fullFile": "cypress\\e2e\\productCardstests.cy.js",
      "file": "cypress\\e2e\\productCardstests.cy.js",
      "beforeHooks": [],
      "afterHooks": [],
      "tests": [],
      "suites": [
        {
          "uuid": "e6f56e48-457f-444d-a9a0-49b215633e82",
          "title": "Tests for user login and add item to the bucket",
          "fullFile": "",
          "file": "",
          "beforeHooks": [],
          "afterHooks": [],
          "tests": [
            {
              "title": "Valid user search tests",
              "fullTitle": "Tests for user login and add item to the bucket Valid user search tests",
              "timedOut": null,
              "duration": 10908,
              "state": "passed",
              "speed": "slow",
              "pass": true,
              "fail": false,
              "pending": false,
              "context": null,
              "code": "this.searchQueries.forEach(searchQuery => {\n  searchPage.validSearchQuery(searchQuery.value);\n});",
              "err": {},
              "uuid": "06727f49-9a12-4bde-9fa3-8b5023c377a2",
              "parentUUID": "e6f56e48-457f-444d-a9a0-49b215633e82",
              "isHook": false,
              "skipped": false
            },
            {
              "title": "Invalid user search tests",
              "fullTitle": "Tests for user login and add item to the bucket Invalid user search tests",
              "timedOut": null,
              "duration": 6526,
              "state": "passed",
              "speed": "medium",
              "pass": true,
              "fail": false,
              "pending": false,
              "context": null,
              "code": "searchPage.invalidSearch();",
              "err": {},
              "uuid": "d4de7fec-7a6f-4c6b-896d-31ab8c6d106f",
              "parentUUID": "e6f56e48-457f-444d-a9a0-49b215633e82",
              "isHook": false,
              "skipped": false
            }
          ],
          "suites": [],
          "passes": [
            "06727f49-9a12-4bde-9fa3-8b5023c377a2",
            "d4de7fec-7a6f-4c6b-896d-31ab8c6d106f"
          ],
          "failures": [],
          "pending": [],
          "skipped": [],
          "duration": 17434,
          "root": false,
          "rootEmpty": false,
          "_timeout": 2000
        }
      ],
      "passes": [],
      "failures": [],
      "pending": [],
      "skipped": [],
      "duration": 0,
      "root": true,
      "rootEmpty": true,
      "_timeout": 2000
    }
  ],
  "meta": {
    "mocha": {
      "version": "7.0.1"
    },
    "mochawesome": {
      "options": {
        "quiet": false,
        "reportFilename": "mochawesome",
        "saveHtml": false,
        "saveJson": true,
        "consoleReporter": "spec",
        "useInlineDiffs": false,
        "code": true
      },
      "version": "7.1.3"
    },
    "marge": {
      "options": {
        "charts": true,
        "overwrite": false,
        "html": false,
        "json": true,
        "reportDir": "cypress/reports"
      },
      "version": "6.2.0"
    }
  }
}