{
  "stats": {
    "suites": 2,
    "tests": 2,
    "passes": 2,
    "pending": 0,
    "failures": 0,
    "start": "2024-09-23T16:25:12.496Z",
    "end": "2024-09-23T16:25:24.667Z",
    "duration": 12171,
    "testsRegistered": 2,
    "passPercent": 100,
    "pendingPercent": 0,
    "other": 0,
    "hasOther": false,
    "skipped": 0,
    "hasSkipped": false
  },
  "results": [
    {
      "uuid": "ef64a289-8001-4a5e-81e5-aa1c9f79338c",
      "title": "",
      "fullFile": "cypress\\e2e\\mainPageTests.cy.js",
      "file": "cypress\\e2e\\mainPageTests.cy.js",
      "beforeHooks": [],
      "afterHooks": [],
      "tests": [],
      "suites": [
        {
          "uuid": "356a7d99-2ebe-4cdb-897e-9580e22a4c57",
          "title": "Verify critical elements are present, add item to bucket, and add to fav",
          "fullFile": "",
          "file": "",
          "beforeHooks": [],
          "afterHooks": [],
          "tests": [
            {
              "title": "Verify critical elements are present, add item to bucket, and add to fav",
              "fullTitle": "Verify critical elements are present, add item to bucket, and add to fav Verify critical elements are present, add item to bucket, and add to fav",
              "timedOut": null,
              "duration": 6501,
              "state": "passed",
              "speed": "medium",
              "pass": true,
              "fail": false,
              "pending": false,
              "context": null,
              "code": "mainPage.checkForElementsVisability();\nmainPage.addToBucketTest();\nmainPage.addToFavorite();",
              "err": {},
              "uuid": "9e47393d-9875-49bb-8f27-03bfa019b974",
              "parentUUID": "356a7d99-2ebe-4cdb-897e-9580e22a4c57",
              "isHook": false,
              "skipped": false
            }
          ],
          "suites": [],
          "passes": [
            "9e47393d-9875-49bb-8f27-03bfa019b974"
          ],
          "failures": [],
          "pending": [],
          "skipped": [],
          "duration": 6501,
          "root": false,
          "rootEmpty": false,
          "_timeout": 2000
        },
        {
          "uuid": "1ce1a05f-c166-46c4-bc75-47ae078152a4",
          "title": "Verify filter panel, visibility, and functionality of slider filter",
          "fullFile": "",
          "file": "",
          "beforeHooks": [],
          "afterHooks": [],
          "tests": [
            {
              "title": "Verify filter panel, visibility and functionality of slider filter",
              "fullTitle": "Verify filter panel, visibility, and functionality of slider filter Verify filter panel, visibility and functionality of slider filter",
              "timedOut": null,
              "duration": 5469,
              "state": "passed",
              "speed": "medium",
              "pass": true,
              "fail": false,
              "pending": false,
              "context": null,
              "code": "mainPage.openCloseFilterPanelVerifyPosition();\nthis.sliderParams.forEach(sliderParam => {\n  mainPage.openFilterPanelVerifySliderFiltering(sliderParam.style, sliderParam.styleOnlyLeft, sliderParam.styleOnlyRight);\n});\nmainPage.closeAllFilters();\nmainPage.checkAlertForPhoneCall();",
              "err": {},
              "uuid": "00c9d438-d5a3-4b5e-b177-10fc1cf7b633",
              "parentUUID": "1ce1a05f-c166-46c4-bc75-47ae078152a4",
              "isHook": false,
              "skipped": false
            }
          ],
          "suites": [],
          "passes": [
            "00c9d438-d5a3-4b5e-b177-10fc1cf7b633"
          ],
          "failures": [],
          "pending": [],
          "skipped": [],
          "duration": 5469,
          "root": false,
          "rootEmpty": false,
          "_timeout": 2000
        }
      ],
      "passes": [],
      "failures": [],
      "pending": [],
      "skipped": [],
      "duration": 0,
      "root": true,
      "rootEmpty": true,
      "_timeout": 2000
    }
  ],
  "meta": {
    "mocha": {
      "version": "7.0.1"
    },
    "mochawesome": {
      "options": {
        "quiet": false,
        "reportFilename": "mochawesome",
        "saveHtml": false,
        "saveJson": true,
        "consoleReporter": "spec",
        "useInlineDiffs": false,
        "code": true
      },
      "version": "7.1.3"
    },
    "marge": {
      "options": {
        "charts": true,
        "overwrite": false,
        "html": false,
        "json": true,
        "reportDir": "cypress/reports"
      },
      "version": "6.2.0"
    }
  }
}