{
  "stats": {
    "suites": 1,
    "tests": 2,
    "passes": 2,
    "pending": 0,
    "failures": 0,
    "start": "2024-09-20T17:26:53.535Z",
    "end": "2024-09-20T17:27:10.946Z",
    "duration": 17411,
    "testsRegistered": 2,
    "passPercent": 100,
    "pendingPercent": 0,
    "other": 0,
    "hasOther": false,
    "skipped": 0,
    "hasSkipped": false
  },
  "results": [
    {
      "uuid": "0174b6cf-31dd-4c6a-a374-13c0289a05f6",
      "title": "",
      "fullFile": "cypress\\e2e\\productCardstests.cy.js",
      "file": "cypress\\e2e\\productCardstests.cy.js",
      "beforeHooks": [],
      "afterHooks": [],
      "tests": [],
      "suites": [
        {
          "uuid": "b0f5f2a1-919d-46dd-bdaf-caac2c38335c",
          "title": "Tests for user login and add item to the bucket",
          "fullFile": "",
          "file": "",
          "beforeHooks": [],
          "afterHooks": [],
          "tests": [
            {
              "title": "Valid user search tests",
              "fullTitle": "Tests for user login and add item to the bucket Valid user search tests",
              "timedOut": null,
              "duration": 10713,
              "state": "passed",
              "speed": "slow",
              "pass": true,
              "fail": false,
              "pending": false,
              "context": null,
              "code": "this.searchQueries.forEach(searchQuery => {\n  searchPage.validSearchQuery(searchQuery.value);\n});",
              "err": {},
              "uuid": "7bb11046-2fc6-459b-be0b-2ac952062826",
              "parentUUID": "b0f5f2a1-919d-46dd-bdaf-caac2c38335c",
              "isHook": false,
              "skipped": false
            },
            {
              "title": "Invalid user search tests",
              "fullTitle": "Tests for user login and add item to the bucket Invalid user search tests",
              "timedOut": null,
              "duration": 6585,
              "state": "passed",
              "speed": "medium",
              "pass": true,
              "fail": false,
              "pending": false,
              "context": null,
              "code": "searchPage.invalidSearch();",
              "err": {},
              "uuid": "fbfb542d-5c8e-4cd3-94b6-887f3c8b70c9",
              "parentUUID": "b0f5f2a1-919d-46dd-bdaf-caac2c38335c",
              "isHook": false,
              "skipped": false
            }
          ],
          "suites": [],
          "passes": [
            "7bb11046-2fc6-459b-be0b-2ac952062826",
            "fbfb542d-5c8e-4cd3-94b6-887f3c8b70c9"
          ],
          "failures": [],
          "pending": [],
          "skipped": [],
          "duration": 17298,
          "root": false,
          "rootEmpty": false,
          "_timeout": 2000
        }
      ],
      "passes": [],
      "failures": [],
      "pending": [],
      "skipped": [],
      "duration": 0,
      "root": true,
      "rootEmpty": true,
      "_timeout": 2000
    }
  ],
  "meta": {
    "mocha": {
      "version": "7.0.1"
    },
    "mochawesome": {
      "options": {
        "quiet": false,
        "reportFilename": "mochawesome",
        "saveHtml": false,
        "saveJson": true,
        "consoleReporter": "spec",
        "useInlineDiffs": false,
        "code": true
      },
      "version": "7.1.3"
    },
    "marge": {
      "options": {
        "charts": true,
        "overwrite": false,
        "html": false,
        "json": true,
        "reportDir": "cypress/reports"
      },
      "version": "6.2.0"
    }
  }
}