{
  "stats": {
    "suites": 1,
    "tests": 6,
    "passes": 6,
    "pending": 0,
    "failures": 0,
    "start": "2024-09-20T17:28:04.188Z",
    "end": "2024-09-20T17:28:48.169Z",
    "duration": 43981,
    "testsRegistered": 6,
    "passPercent": 100,
    "pendingPercent": 0,
    "other": 0,
    "hasOther": false,
    "skipped": 0,
    "hasSkipped": false
  },
  "results": [
    {
      "uuid": "96846568-9018-449d-8513-0e98e8aadfba",
      "title": "",
      "fullFile": "cypress\\e2e\\userTests.cy.js",
      "file": "cypress\\e2e\\userTests.cy.js",
      "beforeHooks": [],
      "afterHooks": [],
      "tests": [],
      "suites": [
        {
          "uuid": "6bf7d808-f29a-4b32-8600-d24e8a99ebd4",
          "title": "Tests for user login and add item to the bucket",
          "fullFile": "",
          "file": "",
          "beforeHooks": [],
          "afterHooks": [],
          "tests": [
            {
              "title": "User main page and bucket tests",
              "fullTitle": "Tests for user login and add item to the bucket User main page and bucket tests",
              "timedOut": null,
              "duration": 5423,
              "state": "passed",
              "speed": "medium",
              "pass": true,
              "fail": false,
              "pending": false,
              "context": null,
              "code": "mainPage.checkForElementsVisability();\nmainPage.addToBucketTest();",
              "err": {},
              "uuid": "57066f1b-3de3-4b5e-90d0-e53fb1916ce9",
              "parentUUID": "6bf7d808-f29a-4b32-8600-d24e8a99ebd4",
              "isHook": false,
              "skipped": false
            },
            {
              "title": "User login tests",
              "fullTitle": "Tests for user login and add item to the bucket User login tests",
              "timedOut": null,
              "duration": 7398,
              "state": "passed",
              "speed": "medium",
              "pass": true,
              "fail": false,
              "pending": false,
              "context": null,
              "code": "accountPage.loginToAccount();",
              "err": {},
              "uuid": "611fb02d-ee94-4d38-94cd-d8ccefdec32c",
              "parentUUID": "6bf7d808-f29a-4b32-8600-d24e8a99ebd4",
              "isHook": false,
              "skipped": false
            },
            {
              "title": "user logout test",
              "fullTitle": "Tests for user login and add item to the bucket user logout test",
              "timedOut": null,
              "duration": 8168,
              "state": "passed",
              "speed": "medium",
              "pass": true,
              "fail": false,
              "pending": false,
              "context": null,
              "code": "accountPage.logoutFromAccount();",
              "err": {},
              "uuid": "1f6872d2-1457-4856-a518-64bc6c70b4d2",
              "parentUUID": "6bf7d808-f29a-4b32-8600-d24e8a99ebd4",
              "isHook": false,
              "skipped": false
            },
            {
              "title": "Elements test verification",
              "fullTitle": "Tests for user login and add item to the bucket Elements test verification",
              "timedOut": null,
              "duration": 1964,
              "state": "passed",
              "speed": "fast",
              "pass": true,
              "fail": false,
              "pending": false,
              "context": null,
              "code": "accountPage.vefiryTelValueOnMainPage();\naccountPage.vefirySckedulerValuesOnMainPage();",
              "err": {},
              "uuid": "c373e286-d0e8-42e2-88d1-74294b026e05",
              "parentUUID": "6bf7d808-f29a-4b32-8600-d24e8a99ebd4",
              "isHook": false,
              "skipped": false
            },
            {
              "title": "Prices test verification",
              "fullTitle": "Tests for user login and add item to the bucket Prices test verification",
              "timedOut": null,
              "duration": 11993,
              "state": "passed",
              "speed": "slow",
              "pass": true,
              "fail": false,
              "pending": false,
              "context": null,
              "code": "accountPage.verfiyOldPriceValues();\naccountPage.verfiyNewPriceValues();\naccountPage.verfiyOldAndNewPriceValues();",
              "err": {},
              "uuid": "b63a361e-04dd-4a37-9582-5cc0911ef576",
              "parentUUID": "6bf7d808-f29a-4b32-8600-d24e8a99ebd4",
              "isHook": false,
              "skipped": false
            },
            {
              "title": "Sorting tests",
              "fullTitle": "Tests for user login and add item to the bucket Sorting tests",
              "timedOut": null,
              "duration": 8379,
              "state": "passed",
              "speed": "medium",
              "pass": true,
              "fail": false,
              "pending": false,
              "context": null,
              "code": "accountPage.sortingSelection();\naccountPage.selectRandomSortingOption();",
              "err": {},
              "uuid": "5466c851-bb17-477f-9fa3-1b5d0f8e788b",
              "parentUUID": "6bf7d808-f29a-4b32-8600-d24e8a99ebd4",
              "isHook": false,
              "skipped": false
            }
          ],
          "suites": [],
          "passes": [
            "57066f1b-3de3-4b5e-90d0-e53fb1916ce9",
            "611fb02d-ee94-4d38-94cd-d8ccefdec32c",
            "1f6872d2-1457-4856-a518-64bc6c70b4d2",
            "c373e286-d0e8-42e2-88d1-74294b026e05",
            "b63a361e-04dd-4a37-9582-5cc0911ef576",
            "5466c851-bb17-477f-9fa3-1b5d0f8e788b"
          ],
          "failures": [],
          "pending": [],
          "skipped": [],
          "duration": 43325,
          "root": false,
          "rootEmpty": false,
          "_timeout": 2000
        }
      ],
      "passes": [],
      "failures": [],
      "pending": [],
      "skipped": [],
      "duration": 0,
      "root": true,
      "rootEmpty": true,
      "_timeout": 2000
    }
  ],
  "meta": {
    "mocha": {
      "version": "7.0.1"
    },
    "mochawesome": {
      "options": {
        "quiet": false,
        "reportFilename": "mochawesome",
        "saveHtml": false,
        "saveJson": true,
        "consoleReporter": "spec",
        "useInlineDiffs": false,
        "code": true
      },
      "version": "7.1.3"
    },
    "marge": {
      "options": {
        "charts": true,
        "overwrite": false,
        "html": false,
        "json": true,
        "reportDir": "cypress/reports"
      },
      "version": "6.2.0"
    }
  }
}