{
  "stats": {
    "suites": 1,
    "tests": 6,
    "passes": 5,
    "pending": 0,
    "failures": 1,
    "start": "2024-09-20T17:09:24.722Z",
    "end": "2024-09-20T17:10:06.607Z",
    "duration": 41885,
    "testsRegistered": 6,
    "passPercent": 83.33333333333334,
    "pendingPercent": 0,
    "other": 0,
    "hasOther": false,
    "skipped": 0,
    "hasSkipped": false
  },
  "results": [
    {
      "uuid": "fd2bc952-8113-47b3-a9ea-0c146b4ab348",
      "title": "",
      "fullFile": "cypress\\e2e\\userTests.cy.js",
      "file": "cypress\\e2e\\userTests.cy.js",
      "beforeHooks": [],
      "afterHooks": [],
      "tests": [],
      "suites": [
        {
          "uuid": "b29a3844-cc7a-47ad-b9ab-a697fce0ef7e",
          "title": "Tests for user login and add item to the bucket",
          "fullFile": "",
          "file": "",
          "beforeHooks": [],
          "afterHooks": [],
          "tests": [
            {
              "title": "User main page and bucket tests",
              "fullTitle": "Tests for user login and add item to the bucket User main page and bucket tests",
              "timedOut": null,
              "duration": 3959,
              "state": "failed",
              "speed": null,
              "pass": false,
              "fail": true,
              "pending": false,
              "context": null,
              "code": "mainPage.checkForElementsVisability();\nmainPage.addToBucketButton();",
              "err": {
                "message": "TypeError: mainPage.addToBucketButton is not a function",
                "estack": "TypeError: mainPage.addToBucketButton is not a function\n    at Context.eval (webpack://e-commerceuitests/./cypress/e2e/userTests.cy.js:11:15)",
                "diff": null
              },
              "uuid": "e77bbbfd-c722-4ded-9d81-8394b3e8b9ec",
              "parentUUID": "b29a3844-cc7a-47ad-b9ab-a697fce0ef7e",
              "isHook": false,
              "skipped": false
            },
            {
              "title": "User login tests",
              "fullTitle": "Tests for user login and add item to the bucket User login tests",
              "timedOut": null,
              "duration": 6614,
              "state": "passed",
              "speed": "medium",
              "pass": true,
              "fail": false,
              "pending": false,
              "context": null,
              "code": "accountPage.loginToAccount();",
              "err": {},
              "uuid": "4ceb38c5-657a-460a-af3e-576892c2e119",
              "parentUUID": "b29a3844-cc7a-47ad-b9ab-a697fce0ef7e",
              "isHook": false,
              "skipped": false
            },
            {
              "title": "user logout test",
              "fullTitle": "Tests for user login and add item to the bucket user logout test",
              "timedOut": null,
              "duration": 8548,
              "state": "passed",
              "speed": "medium",
              "pass": true,
              "fail": false,
              "pending": false,
              "context": null,
              "code": "accountPage.logoutFromAccount();",
              "err": {},
              "uuid": "8c937db1-af61-4013-b552-3e4e681e8bcf",
              "parentUUID": "b29a3844-cc7a-47ad-b9ab-a697fce0ef7e",
              "isHook": false,
              "skipped": false
            },
            {
              "title": "Elements test verification",
              "fullTitle": "Tests for user login and add item to the bucket Elements test verification",
              "timedOut": null,
              "duration": 1586,
              "state": "passed",
              "speed": "fast",
              "pass": true,
              "fail": false,
              "pending": false,
              "context": null,
              "code": "accountPage.vefiryTelValueOnMainPage();\naccountPage.vefirySckedulerValuesOnMainPage();",
              "err": {},
              "uuid": "7d9a9a5c-fcf8-4c8f-b726-72002eb3abf0",
              "parentUUID": "b29a3844-cc7a-47ad-b9ab-a697fce0ef7e",
              "isHook": false,
              "skipped": false
            },
            {
              "title": "Prices test verification",
              "fullTitle": "Tests for user login and add item to the bucket Prices test verification",
              "timedOut": null,
              "duration": 12096,
              "state": "passed",
              "speed": "slow",
              "pass": true,
              "fail": false,
              "pending": false,
              "context": null,
              "code": "accountPage.verfiyOldPriceValues();\naccountPage.verfiyNewPriceValues();\naccountPage.verfiyOldAndNewPriceValues();",
              "err": {},
              "uuid": "6fef1c22-9203-47ad-9519-7d96331d2855",
              "parentUUID": "b29a3844-cc7a-47ad-b9ab-a697fce0ef7e",
              "isHook": false,
              "skipped": false
            },
            {
              "title": "Sorting tests",
              "fullTitle": "Tests for user login and add item to the bucket Sorting tests",
              "timedOut": null,
              "duration": 8362,
              "state": "passed",
              "speed": "medium",
              "pass": true,
              "fail": false,
              "pending": false,
              "context": null,
              "code": "accountPage.sortingSelection();\naccountPage.selectRandomSortingOption();",
              "err": {},
              "uuid": "0878d085-7c07-4704-97a9-0ee2a75bf94a",
              "parentUUID": "b29a3844-cc7a-47ad-b9ab-a697fce0ef7e",
              "isHook": false,
              "skipped": false
            }
          ],
          "suites": [],
          "passes": [
            "4ceb38c5-657a-460a-af3e-576892c2e119",
            "8c937db1-af61-4013-b552-3e4e681e8bcf",
            "7d9a9a5c-fcf8-4c8f-b726-72002eb3abf0",
            "6fef1c22-9203-47ad-9519-7d96331d2855",
            "0878d085-7c07-4704-97a9-0ee2a75bf94a"
          ],
          "failures": [
            "e77bbbfd-c722-4ded-9d81-8394b3e8b9ec"
          ],
          "pending": [],
          "skipped": [],
          "duration": 41165,
          "root": false,
          "rootEmpty": false,
          "_timeout": 2000
        }
      ],
      "passes": [],
      "failures": [],
      "pending": [],
      "skipped": [],
      "duration": 0,
      "root": true,
      "rootEmpty": true,
      "_timeout": 2000
    }
  ],
  "meta": {
    "mocha": {
      "version": "7.0.1"
    },
    "mochawesome": {
      "options": {
        "quiet": false,
        "reportFilename": "mochawesome",
        "saveHtml": false,
        "saveJson": true,
        "consoleReporter": "spec",
        "useInlineDiffs": false,
        "code": true
      },
      "version": "7.1.3"
    },
    "marge": {
      "options": {
        "charts": true,
        "overwrite": false,
        "html": false,
        "json": true,
        "reportDir": "cypress/reports"
      },
      "version": "6.2.0"
    }
  }
}