{
  "stats": {
    "suites": 1,
    "tests": 2,
    "passes": 2,
    "pending": 0,
    "failures": 0,
    "start": "2024-09-23T16:17:18.507Z",
    "end": "2024-09-23T16:17:35.361Z",
    "duration": 16854,
    "testsRegistered": 2,
    "passPercent": 100,
    "pendingPercent": 0,
    "other": 0,
    "hasOther": false,
    "skipped": 0,
    "hasSkipped": false
  },
  "results": [
    {
      "uuid": "4975fee1-153e-4f04-8826-9e179a2dba8a",
      "title": "",
      "fullFile": "cypress\\e2e\\productCardstests.cy.js",
      "file": "cypress\\e2e\\productCardstests.cy.js",
      "beforeHooks": [],
      "afterHooks": [],
      "tests": [],
      "suites": [
        {
          "uuid": "9d85e973-c370-4750-af79-e8076e62dc3d",
          "title": "Tests for user invalid and valid search requests",
          "fullFile": "",
          "file": "",
          "beforeHooks": [],
          "afterHooks": [],
          "tests": [
            {
              "title": "Valid user search tests verification",
              "fullTitle": "Tests for user invalid and valid search requests Valid user search tests verification",
              "timedOut": null,
              "duration": 10623,
              "state": "passed",
              "speed": "slow",
              "pass": true,
              "fail": false,
              "pending": false,
              "context": null,
              "code": "this.searchQueries.forEach(searchQuery => {\n  searchPage.validSearchQuery(searchQuery.value);\n});",
              "err": {},
              "uuid": "d93c3ca3-8758-4691-b8d2-b620dc776deb",
              "parentUUID": "9d85e973-c370-4750-af79-e8076e62dc3d",
              "isHook": false,
              "skipped": false
            },
            {
              "title": "Invalid user search tests verification",
              "fullTitle": "Tests for user invalid and valid search requests Invalid user search tests verification",
              "timedOut": null,
              "duration": 6127,
              "state": "passed",
              "speed": "medium",
              "pass": true,
              "fail": false,
              "pending": false,
              "context": null,
              "code": "searchPage.invalidSearch();",
              "err": {},
              "uuid": "f55334b4-4160-42bb-8837-27fd6198aa71",
              "parentUUID": "9d85e973-c370-4750-af79-e8076e62dc3d",
              "isHook": false,
              "skipped": false
            }
          ],
          "suites": [],
          "passes": [
            "d93c3ca3-8758-4691-b8d2-b620dc776deb",
            "f55334b4-4160-42bb-8837-27fd6198aa71"
          ],
          "failures": [],
          "pending": [],
          "skipped": [],
          "duration": 16750,
          "root": false,
          "rootEmpty": false,
          "_timeout": 2000
        }
      ],
      "passes": [],
      "failures": [],
      "pending": [],
      "skipped": [],
      "duration": 0,
      "root": true,
      "rootEmpty": true,
      "_timeout": 2000
    }
  ],
  "meta": {
    "mocha": {
      "version": "7.0.1"
    },
    "mochawesome": {
      "options": {
        "quiet": false,
        "reportFilename": "mochawesome",
        "saveHtml": false,
        "saveJson": true,
        "consoleReporter": "spec",
        "useInlineDiffs": false,
        "code": true
      },
      "version": "7.1.3"
    },
    "marge": {
      "options": {
        "charts": true,
        "overwrite": false,
        "html": false,
        "json": true,
        "reportDir": "cypress/reports"
      },
      "version": "6.2.0"
    }
  }
}