{
  "stats": {
    "suites": 1,
    "tests": 1,
    "passes": 1,
    "pending": 0,
    "failures": 0,
    "start": "2024-09-20T17:07:17.067Z",
    "end": "2024-09-20T17:07:25.432Z",
    "duration": 8365,
    "testsRegistered": 1,
    "passPercent": 100,
    "pendingPercent": 0,
    "other": 0,
    "hasOther": false,
    "skipped": 0,
    "hasSkipped": false
  },
  "results": [
    {
      "uuid": "9963436e-ef65-4c1c-b65b-a6adf681dac5",
      "title": "",
      "fullFile": "cypress\\e2e\\mainPageTests.cy.js",
      "file": "cypress\\e2e\\mainPageTests.cy.js",
      "beforeHooks": [],
      "afterHooks": [],
      "tests": [],
      "suites": [
        {
          "uuid": "a2a021ee-b388-4efc-8421-b02a54fb240b",
          "title": "Data-Driven Testing with Fixtures",
          "fullFile": "",
          "file": "",
          "beforeHooks": [],
          "afterHooks": [],
          "tests": [
            {
              "title": "main page tests",
              "fullTitle": "Data-Driven Testing with Fixtures main page tests",
              "timedOut": null,
              "duration": 8242,
              "state": "passed",
              "speed": "medium",
              "pass": true,
              "fail": false,
              "pending": false,
              "context": null,
              "code": "mainPage.checkForElementsVisability();\nmainPage.addToBucketTest();\nmainPage.addToFavorite();",
              "err": {},
              "uuid": "d117fbf0-a5f8-4a81-b77b-9fa76163faa3",
              "parentUUID": "a2a021ee-b388-4efc-8421-b02a54fb240b",
              "isHook": false,
              "skipped": false
            }
          ],
          "suites": [],
          "passes": [
            "d117fbf0-a5f8-4a81-b77b-9fa76163faa3"
          ],
          "failures": [],
          "pending": [],
          "skipped": [],
          "duration": 8242,
          "root": false,
          "rootEmpty": false,
          "_timeout": 2000
        }
      ],
      "passes": [],
      "failures": [],
      "pending": [],
      "skipped": [],
      "duration": 0,
      "root": true,
      "rootEmpty": true,
      "_timeout": 2000
    }
  ],
  "meta": {
    "mocha": {
      "version": "7.0.1"
    },
    "mochawesome": {
      "options": {
        "quiet": false,
        "reportFilename": "mochawesome",
        "saveHtml": false,
        "saveJson": true,
        "consoleReporter": "spec",
        "useInlineDiffs": false,
        "code": true
      },
      "version": "7.1.3"
    },
    "marge": {
      "options": {
        "charts": true,
        "overwrite": false,
        "html": false,
        "json": true,
        "reportDir": "cypress/reports"
      },
      "version": "6.2.0"
    }
  }
}