{
  "stats": {
    "suites": 2,
    "tests": 2,
    "passes": 2,
    "pending": 0,
    "failures": 0,
    "start": "2024-09-23T16:13:14.156Z",
    "end": "2024-09-23T16:13:27.983Z",
    "duration": 13827,
    "testsRegistered": 2,
    "passPercent": 100,
    "pendingPercent": 0,
    "other": 0,
    "hasOther": false,
    "skipped": 0,
    "hasSkipped": false
  },
  "results": [
    {
      "uuid": "44015702-a862-4b01-a3d5-883a63b2cdae",
      "title": "",
      "fullFile": "cypress\\e2e\\mainPageTests.cy.js",
      "file": "cypress\\e2e\\mainPageTests.cy.js",
      "beforeHooks": [],
      "afterHooks": [],
      "tests": [],
      "suites": [
        {
          "uuid": "3a55e9f2-110e-4c17-b5e8-c949bfd3cca1",
          "title": "Verify critical elements are present, add item to bucket, and add to fav",
          "fullFile": "",
          "file": "",
          "beforeHooks": [],
          "afterHooks": [],
          "tests": [
            {
              "title": "Verify critical elements are present, add item to bucket, and add to fav",
              "fullTitle": "Verify critical elements are present, add item to bucket, and add to fav Verify critical elements are present, add item to bucket, and add to fav",
              "timedOut": null,
              "duration": 7432,
              "state": "passed",
              "speed": "medium",
              "pass": true,
              "fail": false,
              "pending": false,
              "context": null,
              "code": "mainPage.checkForElementsVisability();\nmainPage.addToBucketTest();\nmainPage.addToFavorite();",
              "err": {},
              "uuid": "df525dad-fdee-4409-8ddd-4306e4f74040",
              "parentUUID": "3a55e9f2-110e-4c17-b5e8-c949bfd3cca1",
              "isHook": false,
              "skipped": false
            }
          ],
          "suites": [],
          "passes": [
            "df525dad-fdee-4409-8ddd-4306e4f74040"
          ],
          "failures": [],
          "pending": [],
          "skipped": [],
          "duration": 7432,
          "root": false,
          "rootEmpty": false,
          "_timeout": 2000
        },
        {
          "uuid": "220e4a2f-f7fa-47a6-b351-c8098e11d9ad",
          "title": "Verify filter panel, visibility, and functionality of slider filter",
          "fullFile": "",
          "file": "",
          "beforeHooks": [],
          "afterHooks": [],
          "tests": [
            {
              "title": "Verify filter panel, visibility and functionality of slider filter",
              "fullTitle": "Verify filter panel, visibility, and functionality of slider filter Verify filter panel, visibility and functionality of slider filter",
              "timedOut": null,
              "duration": 6200,
              "state": "passed",
              "speed": "medium",
              "pass": true,
              "fail": false,
              "pending": false,
              "context": null,
              "code": "mainPage.openCloseFilterPanelVerifyPosition();\nthis.sliderParams.forEach(sliderParam => {\n  mainPage.openFilterPanelVerifySliderFiltering(sliderParam.style, sliderParam.styleOnlyLeft, sliderParam.styleOnlyRight);\n});\nmainPage.closeAllFilters();\nmainPage.checkAlertForPhoneCall();",
              "err": {},
              "uuid": "ce10dc9b-bd46-46c0-ab03-93b23e06c4f3",
              "parentUUID": "220e4a2f-f7fa-47a6-b351-c8098e11d9ad",
              "isHook": false,
              "skipped": false
            }
          ],
          "suites": [],
          "passes": [
            "ce10dc9b-bd46-46c0-ab03-93b23e06c4f3"
          ],
          "failures": [],
          "pending": [],
          "skipped": [],
          "duration": 6200,
          "root": false,
          "rootEmpty": false,
          "_timeout": 2000
        }
      ],
      "passes": [],
      "failures": [],
      "pending": [],
      "skipped": [],
      "duration": 0,
      "root": true,
      "rootEmpty": true,
      "_timeout": 2000
    }
  ],
  "meta": {
    "mocha": {
      "version": "7.0.1"
    },
    "mochawesome": {
      "options": {
        "quiet": false,
        "reportFilename": "mochawesome",
        "saveHtml": false,
        "saveJson": true,
        "consoleReporter": "spec",
        "useInlineDiffs": false,
        "code": true
      },
      "version": "7.1.3"
    },
    "marge": {
      "options": {
        "charts": true,
        "overwrite": false,
        "html": false,
        "json": true,
        "reportDir": "cypress/reports"
      },
      "version": "6.2.0"
    }
  }
}