{
  "stats": {
    "suites": 1,
    "tests": 1,
    "passes": 1,
    "pending": 0,
    "failures": 0,
    "start": "2024-09-23T16:13:48.714Z",
    "end": "2024-09-23T16:14:38.952Z",
    "duration": 50238,
    "testsRegistered": 1,
    "passPercent": 100,
    "pendingPercent": 0,
    "other": 0,
    "hasOther": false,
    "skipped": 0,
    "hasSkipped": false
  },
  "results": [
    {
      "uuid": "f8b70edd-da9e-4edb-903e-0a7e8d182f50",
      "title": "",
      "fullFile": "cypress\\e2e\\productPagesTests.cy.js",
      "file": "cypress\\e2e\\productPagesTests.cy.js",
      "beforeHooks": [],
      "afterHooks": [],
      "tests": [],
      "suites": [
        {
          "uuid": "b95f958f-91fc-47da-b919-617a2b93caca",
          "title": "Tests to verify product page and critical elements visibility and url value",
          "fullFile": "",
          "file": "",
          "beforeHooks": [],
          "afterHooks": [],
          "tests": [
            {
              "title": "Tests to verify product page and critical elements visibility and url value",
              "fullTitle": "Tests to verify product page and critical elements visibility and url value Tests to verify product page and critical elements visibility and url value",
              "timedOut": null,
              "duration": 50155,
              "state": "passed",
              "speed": "slow",
              "pass": true,
              "fail": false,
              "pending": false,
              "context": null,
              "code": "this.searchQueries.forEach(searchQuery => {\n  searchPage.validSearchQuery(searchQuery.value);\n  productPage.openProductPage(searchQuery.value);\n  productPage.verifyElementsAreShownCorrectly(searchQuery.value);\n  productPage.verifyPricePresentCorrectly();\n  productPage.verifyProductIdSameInTitleAndUrl(searchQuery.value);\n});",
              "err": {},
              "uuid": "aca77dcd-b60d-44b1-8837-2b4568ce1fa7",
              "parentUUID": "b95f958f-91fc-47da-b919-617a2b93caca",
              "isHook": false,
              "skipped": false
            }
          ],
          "suites": [],
          "passes": [
            "aca77dcd-b60d-44b1-8837-2b4568ce1fa7"
          ],
          "failures": [],
          "pending": [],
          "skipped": [],
          "duration": 50155,
          "root": false,
          "rootEmpty": false,
          "_timeout": 2000
        }
      ],
      "passes": [],
      "failures": [],
      "pending": [],
      "skipped": [],
      "duration": 0,
      "root": true,
      "rootEmpty": true,
      "_timeout": 2000
    }
  ],
  "meta": {
    "mocha": {
      "version": "7.0.1"
    },
    "mochawesome": {
      "options": {
        "quiet": false,
        "reportFilename": "mochawesome",
        "saveHtml": false,
        "saveJson": true,
        "consoleReporter": "spec",
        "useInlineDiffs": false,
        "code": true
      },
      "version": "7.1.3"
    },
    "marge": {
      "options": {
        "charts": true,
        "overwrite": false,
        "html": false,
        "json": true,
        "reportDir": "cypress/reports"
      },
      "version": "6.2.0"
    }
  }
}