{
  "stats": {
    "suites": 1,
    "tests": 3,
    "passes": 3,
    "pending": 0,
    "failures": 0,
    "start": "2024-09-15T11:47:35.406Z",
    "end": "2024-09-15T11:47:59.122Z",
    "duration": 23716,
    "testsRegistered": 3,
    "passPercent": 100,
    "pendingPercent": 0,
    "other": 0,
    "hasOther": false,
    "skipped": 0,
    "hasSkipped": false
  },
  "results": [
    {
      "uuid": "ad7d9cb9-37a4-42ee-af22-cf4dfd129f6c",
      "title": "",
      "fullFile": "cypress/e2e/userTests.cy.js",
      "file": "cypress/e2e/userTests.cy.js",
      "beforeHooks": [],
      "afterHooks": [],
      "tests": [],
      "suites": [
        {
          "uuid": "1cf83c5d-b56d-48d1-8a9b-2c7b16055c48",
          "title": "Tests for user login and add item to the bucket",
          "fullFile": "",
          "file": "",
          "beforeHooks": [],
          "afterHooks": [],
          "tests": [
            {
              "title": "User main page and bucket tests",
              "fullTitle": "Tests for user login and add item to the bucket User main page and bucket tests",
              "timedOut": null,
              "duration": 8331,
              "state": "passed",
              "speed": "medium",
              "pass": true,
              "fail": false,
              "pending": false,
              "context": null,
              "code": "mainPage.checkForElementsVisability();\nmainPage.addToBucketButton();",
              "err": {},
              "uuid": "7e3ecefc-07c3-4e87-a8e7-94a5ddca4148",
              "parentUUID": "1cf83c5d-b56d-48d1-8a9b-2c7b16055c48",
              "isHook": false,
              "skipped": false
            },
            {
              "title": "User login tests",
              "fullTitle": "Tests for user login and add item to the bucket User login tests",
              "timedOut": null,
              "duration": 6963,
              "state": "passed",
              "speed": "medium",
              "pass": true,
              "fail": false,
              "pending": false,
              "context": null,
              "code": "accountPage.loginToAccount();",
              "err": {},
              "uuid": "cb0091d8-0ec0-4a70-8697-0d8c0db3efc9",
              "parentUUID": "1cf83c5d-b56d-48d1-8a9b-2c7b16055c48",
              "isHook": false,
              "skipped": false
            },
            {
              "title": "user logout test",
              "fullTitle": "Tests for user login and add item to the bucket user logout test",
              "timedOut": null,
              "duration": 8285,
              "state": "passed",
              "speed": "medium",
              "pass": true,
              "fail": false,
              "pending": false,
              "context": null,
              "code": "accountPage.logoutFromAccount();",
              "err": {},
              "uuid": "19f6fba9-422e-41bd-b4b7-e73d7d41c33a",
              "parentUUID": "1cf83c5d-b56d-48d1-8a9b-2c7b16055c48",
              "isHook": false,
              "skipped": false
            }
          ],
          "suites": [],
          "passes": [
            "7e3ecefc-07c3-4e87-a8e7-94a5ddca4148",
            "cb0091d8-0ec0-4a70-8697-0d8c0db3efc9",
            "19f6fba9-422e-41bd-b4b7-e73d7d41c33a"
          ],
          "failures": [],
          "pending": [],
          "skipped": [],
          "duration": 23579,
          "root": false,
          "rootEmpty": false,
          "_timeout": 2000
        }
      ],
      "passes": [],
      "failures": [],
      "pending": [],
      "skipped": [],
      "duration": 0,
      "root": true,
      "rootEmpty": true,
      "_timeout": 2000
    }
  ],
  "meta": {
    "mocha": {
      "version": "7.0.1"
    },
    "mochawesome": {
      "options": {
        "quiet": false,
        "reportFilename": "mochawesome",
        "saveHtml": false,
        "saveJson": true,
        "consoleReporter": "spec",
        "useInlineDiffs": false,
        "code": true
      },
      "version": "7.1.3"
    },
    "marge": {
      "options": {
        "charts": true,
        "overwrite": false,
        "html": false,
        "json": true,
        "reportDir": "cypress/reports"
      },
      "version": "6.2.0"
    }
  }
}